<?xml version="1.0" encoding="UTF-8"?>
<testsuite xmlns:xsi="http://www.w3.org/2001/XMLSchema-instance" xsi:noNamespaceSchemaLocation="https://maven.apache.org/surefire/maven-surefire-plugin/xsd/surefire-test-report.xsd" version="3.0.2" name="com.nttdata.runners.CucumberTestSuite" time="66.528" tests="4" errors="1" skipped="0" failures="2" flakes="0">
  <properties>
[...]
</properties>
  <testcase name="Agregar productos al carrito y validar su actualización #1" classname="Validar funcionalidad del carrito de compras" time="15.909">
    <system-out><![CDATA[
@Carrito @Smoke
Esquema del escenario: Agregar productos al carrito y validar su actualización # src/test/resources/features/Carrito.feature:17
========================================
[Hooks] Iniciando escenario: Agregar productos al carrito y validar su actualización
========================================
[AppConfigSteps] Solicitando inicio de aplicacion (mydemoapp.properties)
[AppConfigScreen] Leyendo configuracion desde: mydemoapp.properties
[AppConfigScreen] Construyendo capabilities...
[AppConfigScreen] Conectando a Appium Server en: http://127.0.0.1:4723/
[AppConfigScreen] Sesion Appium creada correctamente. SessionId: 55180c7b-4465-4f19-b4e2-976c78d9e577
[AppConfigScreen] Tomando screenshot...
[ScreenshotAttacher] Adjuntando evidencia: Pantalla inicial - My Demo App

        Embedding Pantalla inicial - My Demo App [image/png 46539 bytes]

[CarritoSteps] asegurarCarritoVacio
[ProductsScreen] Abriendo el carrito...
[AppConfigScreen] Tomando screenshot...
[ScreenshotAttacher] Adjuntando evidencia: Carrito verificado/limpio antes de iniciar

        Embedding Carrito verificado/limpio antes de iniciar [image/png 697512 bytes]

  ✔ Dado estoy en la aplicación de SauceLabs                                   # com.nttdata.stepsdefinitions.CarritoStepsDefs.estoy_en_la_aplicacion_de_sauceLabs()
[CarritoSteps] validarGaleriaCargada
[ProductsScreen] Validando carga de la galeria de productos...
[ProductsScreen] Activity actual: .view.activities.MainActivity
[ProductsScreen] Package actual: com.saucelabs.mydemoapp.android
[ProductsScreen] Productos detectados: [Sauce Labs Backpack, Sauce Labs Bike Light, Sauce Labs Bolt T-Shirt, Sauce Labs Fleece Jacket]
[AppConfigScreen] Tomando screenshot...
[ScreenshotAttacher] Adjuntando evidencia: Galeria de productos cargada

        Embedding Galeria de productos cargada [image/png 697512 bytes]

  ✔ Y valido que carguen correctamente los productos en la galeria             # com.nttdata.stepsdefinitions.CarritoStepsDefs.valido_que_carguen_correctamente_los_productos_en_la_galeria()
[CarritoSteps] agregarProductoAlCarrito -> Sauce Labs Backpack x1
[ProductsScreen] Abriendo producto: Sauce Labs Backpack
[ProductDetailScreen] Ajustando cantidad a 1 unidad(es)
[ProductDetailScreen] Agregando al carrito...
[AppConfigScreen] Tomando screenshot...
[ScreenshotAttacher] Adjuntando evidencia: Agregado Sauce Labs Backpack x1

        Embedding Agregado Sauce Labs Backpack x1 [image/png 391344 bytes]

  ✔ Cuando agrego 1 del siguiente producto "Sauce Labs Backpack"               # com.nttdata.stepsdefinitions.CarritoStepsDefs.agrego_del_siguiente_producto(java.lang.Integer,java.lang.String)
[ProductsScreen] Contador del carrito = 1
[CarritoSteps] (informativo) Contador del carrito = 1
[ProductsScreen] Abriendo el carrito...
[CartScreen] 'Sauce Labs Backpack' encontrado en el carrito con cantidad = 1 (esperado = 1)
[CarritoSteps] El carrito contiene 'Sauce Labs Backpack' con la cantidad correcta? true
[AppConfigScreen] Tomando screenshot...
[ScreenshotAttacher] Adjuntando evidencia: Carrito actualizado

        Embedding Carrito actualizado [image/png 220410 bytes]

  ✔ Entonces valido el carrito de compra actualice correctamente               # com.nttdata.stepsdefinitions.CarritoStepsDefs.valido_el_carrito_de_compra_actualice_correctamente()
[Hooks] Escenario 'Agregar productos al carrito y validar su actualización' finalizo: EXITOSO
[AppConfigScreen] Tomando screenshot...
[ScreenshotAttacher] Adjuntando evidencia: Estado final

        Embedding Estado final [image/png 220410 bytes]

[AppConfigSteps] Solicitando cierre de aplicacion (com.saucelabs.mydemoapp.android)
[AppConfigScreen] Cerrando aplicacion: com.saucelabs.mydemoapp.android
[AppConfigScreen] Cerrando sesion Appium...
[AppConfigScreen] Sesion Appium cerrada correctamente.
]]></system-out>
  </testcase>
  <testcase name="Agregar productos al carrito y validar su actualización #2" classname="Validar funcionalidad del carrito de compras" time="14.763">
    <failure message="El producto &apos;Sauce Labs Bolt T-Shirt&apos; no aparece en el carrito con la cantidad esperada (1)." type="java.lang.AssertionError"><![CDATA[java.lang.AssertionError: El producto 'Sauce Labs Bolt T-Shirt' no aparece en el carrito con la cantidad esperada (1).
	at org.junit.Assert.fail(Assert.java:89)
	at org.junit.Assert.assertTrue(Assert.java:42)
	at com.nttdata.stepsdefinitions.CarritoStepsDefs.valido_el_carrito_de_compra_actualice_correctamente(CarritoStepsDefs.java:62)
	at ✽.valido el carrito de compra actualice correctamente(file:///C:/Users/SOPORTE/OneDrive%20-%20CIBERTEC/Documentos/QAInnovationLab/src/test/resources/features/Carrito.feature:13)
]]></failure>
    <system-out><![CDATA[
@Carrito @Smoke
Esquema del escenario: Agregar productos al carrito y validar su actualización # src/test/resources/features/Carrito.feature:18
========================================
[Hooks] Iniciando escenario: Agregar productos al carrito y validar su actualización
========================================
[AppConfigSteps] Solicitando inicio de aplicacion (mydemoapp.properties)
[AppConfigScreen] Leyendo configuracion desde: mydemoapp.properties
[AppConfigScreen] Construyendo capabilities...
[AppConfigScreen] Conectando a Appium Server en: http://127.0.0.1:4723/
[AppConfigScreen] Sesion Appium creada correctamente. SessionId: a6c77838-eea7-440a-9758-5d535139a050
[AppConfigScreen] Tomando screenshot...
[ScreenshotAttacher] Adjuntando evidencia: Pantalla inicial - My Demo App

        Embedding Pantalla inicial - My Demo App [image/png 46539 bytes]

[CarritoSteps] asegurarCarritoVacio
[ProductsScreen] Abriendo el carrito...
[AppConfigScreen] Tomando screenshot...
[ScreenshotAttacher] Adjuntando evidencia: Carrito verificado/limpio antes de iniciar

        Embedding Carrito verificado/limpio antes de iniciar [image/png 697512 bytes]

  ✔ Dado estoy en la aplicación de SauceLabs                                   # com.nttdata.stepsdefinitions.CarritoStepsDefs.estoy_en_la_aplicacion_de_sauceLabs()
[CarritoSteps] validarGaleriaCargada
[ProductsScreen] Validando carga de la galeria de productos...
[ProductsScreen] Activity actual: .view.activities.MainActivity
[ProductsScreen] Package actual: com.saucelabs.mydemoapp.android
[ProductsScreen] Productos detectados: [Sauce Labs Backpack, Sauce Labs Bike Light, Sauce Labs Bolt T-Shirt, Sauce Labs Fleece Jacket]
[AppConfigScreen] Tomando screenshot...
[ScreenshotAttacher] Adjuntando evidencia: Galeria de productos cargada

        Embedding Galeria de productos cargada [image/png 697512 bytes]

  ✔ Y valido que carguen correctamente los productos en la galeria             # com.nttdata.stepsdefinitions.CarritoStepsDefs.valido_que_carguen_correctamente_los_productos_en_la_galeria()
[CarritoSteps] agregarProductoAlCarrito -> Sauce Labs Bolt T-Shirt x1
[ProductsScreen] Abriendo producto: Sauce Labs Bolt T-Shirt
[ProductDetailScreen] Ajustando cantidad a 1 unidad(es)
[ProductDetailScreen] Agregando al carrito...
[AppConfigScreen] Tomando screenshot...
[ScreenshotAttacher] Adjuntando evidencia: Agregado Sauce Labs Bolt T-Shirt x1

        Embedding Agregado Sauce Labs Bolt T-Shirt x1 [image/png 266328 bytes]

  ✔ Cuando agrego 1 del siguiente producto "Sauce Labs Bolt T-Shirt"           # com.nttdata.stepsdefinitions.CarritoStepsDefs.agrego_del_siguiente_producto(java.lang.Integer,java.lang.String)
[ProductsScreen] Contador del carrito = 10
[CarritoSteps] (informativo) Contador del carrito = 10
[ProductsScreen] Abriendo el carrito...
[CartScreen] 'Sauce Labs Bolt T-Shirt' encontrado en el carrito con cantidad = 10 (esperado = 1)
[CarritoSteps] El carrito contiene 'Sauce Labs Bolt T-Shirt' con la cantidad correcta? false
[AppConfigScreen] Tomando screenshot...
[ScreenshotAttacher] Adjuntando evidencia: Carrito actualizado

        Embedding Carrito actualizado [image/png 183966 bytes]

  ✘ Entonces valido el carrito de compra actualice correctamente               # com.nttdata.stepsdefinitions.CarritoStepsDefs.valido_el_carrito_de_compra_actualice_correctamente()
        java.lang.AssertionError: El producto 'Sauce Labs Bolt T-Shirt' no aparece en el carrito con la cantidad esperada (1).
        	at org.junit.Assert.fail(Assert.java:89)
        	at org.junit.Assert.assertTrue(Assert.java:42)
        	at com.nttdata.stepsdefinitions.CarritoStepsDefs.valido_el_carrito_de_compra_actualice_correctamente(CarritoStepsDefs.java:62)
        	at ✽.valido el carrito de compra actualice correctamente(file:///C:/Users/SOPORTE/OneDrive%20-%20CIBERTEC/Documentos/QAInnovationLab/src/test/resources/features/Carrito.feature:13)
[Hooks] Escenario 'Agregar productos al carrito y validar su actualización' finalizo: FALLIDO
[AppConfigScreen] Tomando screenshot...
[ScreenshotAttacher] Adjuntando evidencia: Estado final (FALLO)

        Embedding Estado final (FALLO) [image/png 183966 bytes]

[AppConfigSteps] Solicitando cierre de aplicacion (com.saucelabs.mydemoapp.android)
[AppConfigScreen] Cerrando aplicacion: com.saucelabs.mydemoapp.android
[AppConfigScreen] Cerrando sesion Appium...
[AppConfigScreen] Sesion Appium cerrada correctamente.
]]></system-out>
  </testcase>
  <testcase name="Agregar productos al carrito y validar su actualización #3" classname="Validar funcionalidad del carrito de compras" time="30.924">
    <failure message="[ProductDetailScreen] La app no navego a la pantalla de detalle del producto (el titulo se quedo en &apos;Products&apos; tras 20s). Posible crash o falla de navegacion del APK al abrir el detalle. Package activo en ese momento: com.google.android.apps.nexuslauncher" type="java.lang.AssertionError"><![CDATA[java.lang.AssertionError: [ProductDetailScreen] La app no navego a la pantalla de detalle del producto (el titulo se quedo en 'Products' tras 20s). Posible crash o falla de navegacion del APK al abrir el detalle. Package activo en ese momento: com.google.android.apps.nexuslauncher
	at com.nttdata.screens.ProductDetailScreen.obtenerNombreProducto(ProductDetailScreen.java:83)
	at com.nttdata.steps.CarritoSteps.agregarProductoAlCarrito(CarritoSteps.java:39)
	at com.nttdata.stepsdefinitions.CarritoStepsDefs.agrego_del_siguiente_producto(CarritoStepsDefs.java:52)
	at ✽.agrego 2 del siguiente producto "Sauce Labs Bike Light"(file:///C:/Users/SOPORTE/OneDrive%20-%20CIBERTEC/Documentos/QAInnovationLab/src/test/resources/features/Carrito.feature:12)
Caused by: org.openqa.selenium.TimeoutException: Expected condition failed: waiting for com.nttdata.screens.ProductDetailScreen$$Lambda/0x000002e13a2ddfa8@75fc1992
(tried for 20 seconds with 500 milliseconds interval)
Build info: version: '4.47.0', revision: '9175ed9 9175ed94d83e87cc3abeb7c9fd91367d17849d35'
System info: os.name: 'Windows 11', os.arch: 'amd64', os.version: '10.0', java.version: '21.0.10'
Driver info: io.appium.java_client.android.AndroidDriver
Capabilities {appium:app: C:/Users/SOPORTE/Downloads/..., appium:appActivity: com.saucelabs.mydemoapp.and..., appium:appPackage: com.saucelabs.mydemoapp.and..., appium:autoGrantPermissions: true, appium:automationName: UiAutomator2, appium:databaseEnabled: false, appium:desired: {app: C:/Users/SOPORTE/Downloads/..., appActivity: com.saucelabs.mydemoapp.and..., appPackage: com.saucelabs.mydemoapp.and..., autoGrantPermissions: true, automationName: UiAutomator2, deviceName: Pixel_4_API_30, disableWindowAnimation: true, forceAppLaunch: true, newCommandTimeout: 300, noReset: true, platformName: ANDROID, platformVersion: 11, skipLogcatCapture: true, udid: emulator-5554}, appium:deviceApiLevel: 30, appium:deviceManufacturer: Google, appium:deviceModel: sdk_gphone_x86, appium:deviceName: emulator-5554, appium:deviceScreenDensity: 440, appium:deviceScreenSize: 1080x2280, appium:deviceUDID: emulator-5554, appium:disableWindowAnimation: true, appium:forceAppLaunch: true, appium:javascriptEnabled: true, appium:locationContextEnabled: false, appium:networkConnectionEnabled: true, appium:newCommandTimeout: 300, appium:noReset: true, appium:pixelRatio: 2.75, appium:platformVersion: 11, appium:skipLogcatCapture: true, appium:statBarHeight: 83, appium:takesScreenshot: true, appium:udid: emulator-5554, appium:viewportRect: {height: 2197, left: 0, top: 83, width: 1080}, appium:warnings: {}, appium:webStorageEnabled: false, platformName: ANDROID}
Session ID: 1d66ea22-d9b8-495d-891a-73b049517f99
	at org.openqa.selenium.support.ui.WebDriverWait.timeoutException(WebDriverWait.java:85)
	at org.openqa.selenium.support.ui.FluentWait.until(FluentWait.java:234)
	at com.nttdata.screens.ProductDetailScreen.obtenerNombreProducto(ProductDetailScreen.java:66)
	... 3 more
]]></failure>
    <system-out><![CDATA[
@Carrito @Smoke
Esquema del escenario: Agregar productos al carrito y validar su actualización # src/test/resources/features/Carrito.feature:19
========================================
[Hooks] Iniciando escenario: Agregar productos al carrito y validar su actualización
========================================
[AppConfigSteps] Solicitando inicio de aplicacion (mydemoapp.properties)
[AppConfigScreen] Leyendo configuracion desde: mydemoapp.properties
[AppConfigScreen] Construyendo capabilities...
[AppConfigScreen] Conectando a Appium Server en: http://127.0.0.1:4723/
[AppConfigScreen] Sesion Appium creada correctamente. SessionId: 1d66ea22-d9b8-495d-891a-73b049517f99
[AppConfigScreen] Tomando screenshot...
[ScreenshotAttacher] Adjuntando evidencia: Pantalla inicial - My Demo App

        Embedding Pantalla inicial - My Demo App [image/png 46539 bytes]

[CarritoSteps] asegurarCarritoVacio
[ProductsScreen] Abriendo el carrito...
[AppConfigScreen] Tomando screenshot...
[ScreenshotAttacher] Adjuntando evidencia: Carrito verificado/limpio antes de iniciar

        Embedding Carrito verificado/limpio antes de iniciar [image/png 697512 bytes]

  ✔ Dado estoy en la aplicación de SauceLabs                                   # com.nttdata.stepsdefinitions.CarritoStepsDefs.estoy_en_la_aplicacion_de_sauceLabs()
[CarritoSteps] validarGaleriaCargada
[ProductsScreen] Validando carga de la galeria de productos...
[ProductsScreen] Activity actual: .view.activities.MainActivity
[ProductsScreen] Package actual: com.saucelabs.mydemoapp.android
[ProductsScreen] Productos detectados: [Sauce Labs Backpack, Sauce Labs Bike Light, Sauce Labs Bolt T-Shirt, Sauce Labs Fleece Jacket]
[AppConfigScreen] Tomando screenshot...
[ScreenshotAttacher] Adjuntando evidencia: Galeria de productos cargada

        Embedding Galeria de productos cargada [image/png 697512 bytes]

  ✔ Y valido que carguen correctamente los productos en la galeria             # com.nttdata.stepsdefinitions.CarritoStepsDefs.valido_que_carguen_correctamente_los_productos_en_la_galeria()
[CarritoSteps] agregarProductoAlCarrito -> Sauce Labs Bike Light x2
[ProductsScreen] Abriendo producto: Sauce Labs Bike Light
  ✘ Cuando agrego 2 del siguiente producto "Sauce Labs Bike Light"             # com.nttdata.stepsdefinitions.CarritoStepsDefs.agrego_del_siguiente_producto(java.lang.Integer,java.lang.String)
        java.lang.AssertionError: [ProductDetailScreen] La app no navego a la pantalla de detalle del producto (el titulo se quedo en 'Products' tras 20s). Posible crash o falla de navegacion del APK al abrir el detalle. Package activo en ese momento: com.google.android.apps.nexuslauncher
        	at com.nttdata.screens.ProductDetailScreen.obtenerNombreProducto(ProductDetailScreen.java:83)
        	at com.nttdata.steps.CarritoSteps.agregarProductoAlCarrito(CarritoSteps.java:39)
        	at com.nttdata.stepsdefinitions.CarritoStepsDefs.agrego_del_siguiente_producto(CarritoStepsDefs.java:52)
        	at ✽.agrego 2 del siguiente producto "Sauce Labs Bike Light"(file:///C:/Users/SOPORTE/OneDrive%20-%20CIBERTEC/Documentos/QAInnovationLab/src/test/resources/features/Carrito.feature:12)
        Caused by: org.openqa.selenium.TimeoutException: Expected condition failed: waiting for com.nttdata.screens.ProductDetailScreen$$Lambda/0x000002e13a2ddfa8@75fc1992
        (tried for 20 seconds with 500 milliseconds interval)
        Build info: version: '4.47.0', revision: '9175ed9 9175ed94d83e87cc3abeb7c9fd91367d17849d35'
        System info: os.name: 'Windows 11', os.arch: 'amd64', os.version: '10.0', java.version: '21.0.10'
        Driver info: io.appium.java_client.android.AndroidDriver
        Capabilities {appium:app: C:/Users/SOPORTE/Downloads/..., appium:appActivity: com.saucelabs.mydemoapp.and..., appium:appPackage: com.saucelabs.mydemoapp.and..., appium:autoGrantPermissions: true, appium:automationName: UiAutomator2, appium:databaseEnabled: false, appium:desired: {app: C:/Users/SOPORTE/Downloads/..., appActivity: com.saucelabs.mydemoapp.and..., appPackage: com.saucelabs.mydemoapp.and..., autoGrantPermissions: true, automationName: UiAutomator2, deviceName: Pixel_4_API_30, disableWindowAnimation: true, forceAppLaunch: true, newCommandTimeout: 300, noReset: true, platformName: ANDROID, platformVersion: 11, skipLogcatCapture: true, udid: emulator-5554}, appium:deviceApiLevel: 30, appium:deviceManufacturer: Google, appium:deviceModel: sdk_gphone_x86, appium:deviceName: emulator-5554, appium:deviceScreenDensity: 440, appium:deviceScreenSize: 1080x2280, appium:deviceUDID: emulator-5554, appium:disableWindowAnimation: true, appium:forceAppLaunch: true, appium:javascriptEnabled: true, appium:locationContextEnabled: false, appium:networkConnectionEnabled: true, appium:newCommandTimeout: 300, appium:noReset: true, appium:pixelRatio: 2.75, appium:platformVersion: 11, appium:skipLogcatCapture: true, appium:statBarHeight: 83, appium:takesScreenshot: true, appium:udid: emulator-5554, appium:viewportRect: {height: 2197, left: 0, top: 83, width: 1080}, appium:warnings: {}, appium:webStorageEnabled: false, platformName: ANDROID}
        Session ID: 1d66ea22-d9b8-495d-891a-73b049517f99
        	at org.openqa.selenium.support.ui.WebDriverWait.timeoutException(WebDriverWait.java:85)
        	at org.openqa.selenium.support.ui.FluentWait.until(FluentWait.java:234)
        	at com.nttdata.screens.ProductDetailScreen.obtenerNombreProducto(ProductDetailScreen.java:66)
        	... 3 more
  ↷ Entonces valido el carrito de compra actualice correctamente               # com.nttdata.stepsdefinitions.CarritoStepsDefs.valido_el_carrito_de_compra_actualice_correctamente()
[Hooks] Escenario 'Agregar productos al carrito y validar su actualización' finalizo: FALLIDO
[AppConfigScreen] Tomando screenshot...
[ScreenshotAttacher] Adjuntando evidencia: Estado final (FALLO)

        Embedding Estado final (FALLO) [image/png 593460 bytes]

[AppConfigSteps] Solicitando cierre de aplicacion (com.saucelabs.mydemoapp.android)
[AppConfigScreen] Cerrando aplicacion: com.saucelabs.mydemoapp.android
[AppConfigScreen] Cerrando sesion Appium...
[AppConfigScreen] Sesion Appium cerrada correctamente.
]]></system-out>
  </testcase>
  <testcase name="Login exitoso con credenciales validas" classname="Inicio de sesion en Sauce Labs Sample App" time="4.157">
    <error message="Could not start a new session. Response code 500. Message: Cannot start the &apos;com.saucelabs.mydemoapp.android&apos; application. Consider checking the driver&apos;s troubleshooting documentation. Original error: Error executing adbExec. Original error: &apos;Command &apos;&apos;C:\Users\SOPORTE\AppData\Local\Android\Sdk\platform-tools\adb.exe&apos; -P 5037 -s emulator-5554 shell am start-activity -W -n com.saucelabs.mydemoapp.android/com.saucelabs.mydemoapp.android.view.activities.MainActivity -S -a android.intent.action.MAIN -c android.intent.category.LAUNCHER -f 0x10200000&apos; exited with code 255&apos;; Command output: &#10;Exception occurred while executing &apos;start-activity&apos;:&#10;java.lang.SecurityException: Permission Denial: starting Intent { act=android.intent.action.MAIN cat=[android.intent.category.LAUNCHER] flg=0x10200000 cmp=com.saucelabs.mydemoapp.android/.view.activities.MainActivity } from null (pid=17154, uid=2000) not exported from uid 10167&#10;	at com.android.server.wm.ActivityStackSupervisor.checkStartAnyActivityPermission(ActivityStackSupervisor.java:1032)&#10;	at com.android.server.wm.ActivityStarter.executeRequest(ActivityStarter.java:999)&#10;	at com.android.server.wm.ActivityStarter.execute(ActivityStarter.java:669)&#10;	at com.android.server.wm.ActivityTaskManagerService.startActivityAndWait(ActivityTaskManagerService.java:1338)&#10;	at com.android.server.am.ActivityManagerService.startActivityAndWait(ActivityManagerService.java:3687)&#10;	at com.android.server.am.ActivityManagerShellCommand.runStartActivity(ActivityManagerShellCommand.java:539)&#10;	at com.android.server.am.ActivityManagerShellCommand.onCommand(ActivityManagerShellCommand.java:186)&#10;	at android.os.BasicShellCommandHandler.exec(BasicShellCommandHandler.java:98)&#10;	at android.os.ShellCommand.exec(ShellCommand.java:44)&#10;	at com.android.server.am.ActivityManagerService.onShellCommand(ActivityManagerService.java:10521)&#10;	at android.os.Binder.shellCommand(Binder.java:929)&#10;	at android.os.Binder.onTransact(Binder.java:813)&#10;	at android.app.IActivityManager$Stub.onTransact(IActivityManager.java:5027)&#10;	at com.android.server.am.ActivityManagerService.onTransact(ActivityManagerService.java:2883)&#10;	at android.os.Binder.execTransactInternal(Binder.java:1159)&#10;	at android.os.Binder.execTransact(Binder.java:1123)&#10; &#10;Host info: host: &apos;LAPTOP-J8B97QQ8&apos;, ip: &apos;172.20.10.4&apos;&#10;Build info: version: &apos;4.47.0&apos;, revision: &apos;9175ed9 9175ed94d83e87cc3abeb7c9fd91367d17849d35&apos;&#10;System info: os.name: &apos;Windows 11&apos;, os.arch: &apos;amd64&apos;, os.version: &apos;10.0&apos;, java.version: &apos;21.0.10&apos;&#10;Driver info: io.appium.java_client.android.AndroidDriver&#10;Command: [null, newSession {capabilities=[Capabilities {appium:app: C:/Users/SOPORTE/Downloads/..., appium:appActivity: com.saucelabs.mydemoapp.and..., appium:appPackage: com.saucelabs.mydemoapp.and..., appium:autoGrantPermissions: true, appium:automationName: UiAutomator2, appium:deviceName: PruebaMobile, appium:disableWindowAnimation: true, appium:forceAppLaunch: true, appium:newCommandTimeout: 300, appium:noReset: true, appium:platformVersion: 10, appium:settings[waitForIdleTimeout]: 1000, appium:skipLogcatCapture: true, appium:udid: emulator-5554, platformName: ANDROID}]}]&#10;Capabilities {appium:app: C:/Users/SOPORTE/Downloads/..., appium:appActivity: com.saucelabs.mydemoapp.and..., appium:appPackage: com.saucelabs.mydemoapp.and..., appium:autoGrantPermissions: true, appium:automationName: UiAutomator2, appium:deviceName: PruebaMobile, appium:disableWindowAnimation: true, appium:forceAppLaunch: true, appium:newCommandTimeout: 300, appium:noReset: true, appium:platformVersion: 10, appium:settings[waitForIdleTimeout]: 1000, appium:skipLogcatCapture: true, appium:udid: emulator-5554, platformName: ANDROID}" type="org.openqa.selenium.SessionNotCreatedException"><![CDATA[org.openqa.selenium.SessionNotCreatedException: 
Could not start a new session. Response code 500. Message: Cannot start the 'com.saucelabs.mydemoapp.android' application. Consider checking the driver's troubleshooting documentation. Original error: Error executing adbExec. Original error: 'Command ''C:\Users\SOPORTE\AppData\Local\Android\Sdk\platform-tools\adb.exe' -P 5037 -s emulator-5554 shell am start-activity -W -n com.saucelabs.mydemoapp.android/com.saucelabs.mydemoapp.android.view.activities.MainActivity -S -a android.intent.action.MAIN -c android.intent.category.LAUNCHER -f 0x10200000' exited with code 255'; Command output: 
Exception occurred while executing 'start-activity':
java.lang.SecurityException: Permission Denial: starting Intent { act=android.intent.action.MAIN cat=[android.intent.category.LAUNCHER] flg=0x10200000 cmp=com.saucelabs.mydemoapp.android/.view.activities.MainActivity } from null (pid=17154, uid=2000) not exported from uid 10167
	at com.android.server.wm.ActivityStackSupervisor.checkStartAnyActivityPermission(ActivityStackSupervisor.java:1032)
	at com.android.server.wm.ActivityStarter.executeRequest(ActivityStarter.java:999)
	at com.android.server.wm.ActivityStarter.execute(ActivityStarter.java:669)
	at com.android.server.wm.ActivityTaskManagerService.startActivityAndWait(ActivityTaskManagerService.java:1338)
	at com.android.server.am.ActivityManagerService.startActivityAndWait(ActivityManagerService.java:3687)
	at com.android.server.am.ActivityManagerShellCommand.runStartActivity(ActivityManagerShellCommand.java:539)
	at com.android.server.am.ActivityManagerShellCommand.onCommand(ActivityManagerShellCommand.java:186)
	at android.os.BasicShellCommandHandler.exec(BasicShellCommandHandler.java:98)
	at android.os.ShellCommand.exec(ShellCommand.java:44)
	at com.android.server.am.ActivityManagerService.onShellCommand(ActivityManagerService.java:10521)
	at android.os.Binder.shellCommand(Binder.java:929)
	at android.os.Binder.onTransact(Binder.java:813)
	at android.app.IActivityManager$Stub.onTransact(IActivityManager.java:5027)
	at com.android.server.am.ActivityManagerService.onTransact(ActivityManagerService.java:2883)
	at android.os.Binder.execTransactInternal(Binder.java:1159)
	at android.os.Binder.execTransact(Binder.java:1123)
 
Host info: host: 'LAPTOP-J8B97QQ8', ip: '172.20.10.4'
Build info: version: '4.47.0', revision: '9175ed9 9175ed94d83e87cc3abeb7c9fd91367d17849d35'
System info: os.name: 'Windows 11', os.arch: 'amd64', os.version: '10.0', java.version: '21.0.10'
Driver info: io.appium.java_client.android.AndroidDriver
Command: [null, newSession {capabilities=[Capabilities {appium:app: C:/Users/SOPORTE/Downloads/..., appium:appActivity: com.saucelabs.mydemoapp.and..., appium:appPackage: com.saucelabs.mydemoapp.and..., appium:autoGrantPermissions: true, appium:automationName: UiAutomator2, appium:deviceName: PruebaMobile, appium:disableWindowAnimation: true, appium:forceAppLaunch: true, appium:newCommandTimeout: 300, appium:noReset: true, appium:platformVersion: 10, appium:settings[waitForIdleTimeout]: 1000, appium:skipLogcatCapture: true, appium:udid: emulator-5554, platformName: ANDROID}]}]
Capabilities {appium:app: C:/Users/SOPORTE/Downloads/..., appium:appActivity: com.saucelabs.mydemoapp.and..., appium:appPackage: com.saucelabs.mydemoapp.and..., appium:autoGrantPermissions: true, appium:automationName: UiAutomator2, appium:deviceName: PruebaMobile, appium:disableWindowAnimation: true, appium:forceAppLaunch: true, appium:newCommandTimeout: 300, appium:noReset: true, appium:platformVersion: 10, appium:settings[waitForIdleTimeout]: 1000, appium:skipLogcatCapture: true, appium:udid: emulator-5554, platformName: ANDROID}
	at org.openqa.selenium.remote.ProtocolHandshake.createSession(ProtocolHandshake.java:115)
	at org.openqa.selenium.remote.ProtocolHandshake.createSession(ProtocolHandshake.java:76)
	at org.openqa.selenium.remote.ProtocolHandshake.createSession(ProtocolHandshake.java:62)
	at io.appium.java_client.remote.AppiumCommandExecutor.createSession(AppiumCommandExecutor.java:178)
	at io.appium.java_client.remote.AppiumCommandExecutor.execute(AppiumCommandExecutor.java:243)
	at org.openqa.selenium.remote.RemoteWebDriver.execute(RemoteWebDriver.java:653)
	at io.appium.java_client.AppiumDriver.startSession(AppiumDriver.java:308)
	at org.openqa.selenium.remote.RemoteWebDriver.<init>(RemoteWebDriver.java:213)
	at org.openqa.selenium.remote.RemoteWebDriver.<init>(RemoteWebDriver.java:203)
	at io.appium.java_client.AppiumDriver.<init>(AppiumDriver.java:98)
	at io.appium.java_client.AppiumDriver.<init>(AppiumDriver.java:109)
	at io.appium.java_client.android.AndroidDriver.<init>(AndroidDriver.java:108)
	at com.nttdata.screens.AppConfigScreen.iniciarAplicacion(AppConfigScreen.java:62)
	at com.nttdata.steps.AppConfigSteps.iniciarAplicacion(AppConfigSteps.java:19)
	at com.nttdata.stepsdefinitions.AppConfigStepsDefs.ingreso_al_aplicativo(AppConfigStepsDefs.java:38)
	at ✽.ingreso al aplicativo "saucelabs"(file:///C:/Users/SOPORTE/OneDrive%20-%20CIBERTEC/Documentos/QAInnovationLab/src/test/resources/features/SauceLabs.feature:10)
]]></error>
    <system-out><![CDATA[
@SauceLabsLogin @Smoke
Escenario: Login exitoso con credenciales validas  # src/test/resources/features/SauceLabs.feature:9
========================================
[Hooks] Iniciando escenario: Login exitoso con credenciales validas
========================================
[AppConfigStepsDefs] Iniciando aplicativo: saucelabs
[AppConfigSteps] Solicitando inicio de aplicacion (saucelabs.properties)
[AppConfigScreen] Leyendo configuracion desde: saucelabs.properties
[AppConfigScreen] Construyendo capabilities...
[AppConfigScreen] Conectando a Appium Server en: http://127.0.0.1:4723/
  ✘ Dado ingreso al aplicativo "saucelabs"         # com.nttdata.stepsdefinitions.AppConfigStepsDefs.ingreso_al_aplicativo(java.lang.String)
        org.openqa.selenium.SessionNotCreatedException: Could not start a new session. Response code 500. Message: Cannot start the 'com.saucelabs.mydemoapp.android' application. Consider checking the driver's troubleshooting documentation. Original error: Error executing adbExec. Original error: 'Command ''C:\Users\SOPORTE\AppData\Local\Android\Sdk\platform-tools\adb.exe' -P 5037 -s emulator-5554 shell am start-activity -W -n com.saucelabs.mydemoapp.android/com.saucelabs.mydemoapp.android.view.activities.MainActivity -S -a android.intent.action.MAIN -c android.intent.category.LAUNCHER -f 0x10200000' exited with code 255'; Command output: 
        Exception occurred while executing 'start-activity':
        java.lang.SecurityException: Permission Denial: starting Intent { act=android.intent.action.MAIN cat=[android.intent.category.LAUNCHER] flg=0x10200000 cmp=com.saucelabs.mydemoapp.android/.view.activities.MainActivity } from null (pid=17154, uid=2000) not exported from uid 10167
        	at com.android.server.wm.ActivityStackSupervisor.checkStartAnyActivityPermission(ActivityStackSupervisor.java:1032)
        	at com.android.server.wm.ActivityStarter.executeRequest(ActivityStarter.java:999)
        	at com.android.server.wm.ActivityStarter.execute(ActivityStarter.java:669)
        	at com.android.server.wm.ActivityTaskManagerService.startActivityAndWait(ActivityTaskManagerService.java:1338)
        	at com.android.server.am.ActivityManagerService.startActivityAndWait(ActivityManagerService.java:3687)
        	at com.android.server.am.ActivityManagerShellCommand.runStartActivity(ActivityManagerShellCommand.java:539)
        	at com.android.server.am.ActivityManagerShellCommand.onCommand(ActivityManagerShellCommand.java:186)
        	at android.os.BasicShellCommandHandler.exec(BasicShellCommandHandler.java:98)
        	at android.os.ShellCommand.exec(ShellCommand.java:44)
        	at com.android.server.am.ActivityManagerService.onShellCommand(ActivityManagerService.java:10521)
        	at android.os.Binder.shellCommand(Binder.java:929)
        	at android.os.Binder.onTransact(Binder.java:813)
        	at android.app.IActivityManager$Stub.onTransact(IActivityManager.java:5027)
        	at com.android.server.am.ActivityManagerService.onTransact(ActivityManagerService.java:2883)
        	at android.os.Binder.execTransactInternal(Binder.java:1159)
        	at android.os.Binder.execTransact(Binder.java:1123)
         
        Host info: host: 'LAPTOP-J8B97QQ8', ip: '172.20.10.4'
        Build info: version: '4.47.0', revision: '9175ed9 9175ed94d83e87cc3abeb7c9fd91367d17849d35'
        System info: os.name: 'Windows 11', os.arch: 'amd64', os.version: '10.0', java.version: '21.0.10'
        Driver info: io.appium.java_client.android.AndroidDriver
        Command: [null, newSession {capabilities=[Capabilities {appium:app: C:/Users/SOPORTE/Downloads/..., appium:appActivity: com.saucelabs.mydemoapp.and..., appium:appPackage: com.saucelabs.mydemoapp.and..., appium:autoGrantPermissions: true, appium:automationName: UiAutomator2, appium:deviceName: PruebaMobile, appium:disableWindowAnimation: true, appium:forceAppLaunch: true, appium:newCommandTimeout: 300, appium:noReset: true, appium:platformVersion: 10, appium:settings[waitForIdleTimeout]: 1000, appium:skipLogcatCapture: true, appium:udid: emulator-5554, platformName: ANDROID}]}]
        Capabilities {appium:app: C:/Users/SOPORTE/Downloads/..., appium:appActivity: com.saucelabs.mydemoapp.and..., appium:appPackage: com.saucelabs.mydemoapp.and..., appium:autoGrantPermissions: true, appium:automationName: UiAutomator2, appium:deviceName: PruebaMobile, appium:disableWindowAnimation: true, appium:forceAppLaunch: true, appium:newCommandTimeout: 300, appium:noReset: true, appium:platformVersion: 10, appium:settings[waitForIdleTimeout]: 1000, appium:skipLogcatCapture: true, appium:udid: emulator-5554, platformName: ANDROID}
        	at org.openqa.selenium.remote.ProtocolHandshake.createSession(ProtocolHandshake.java:115)
        	at org.openqa.selenium.remote.ProtocolHandshake.createSession(ProtocolHandshake.java:76)
        	at org.openqa.selenium.remote.ProtocolHandshake.createSession(ProtocolHandshake.java:62)
        	at io.appium.java_client.remote.AppiumCommandExecutor.createSession(AppiumCommandExecutor.java:178)
        	at io.appium.java_client.remote.AppiumCommandExecutor.execute(AppiumCommandExecutor.java:243)
        	at org.openqa.selenium.remote.RemoteWebDriver.execute(RemoteWebDriver.java:653)
        	at io.appium.java_client.AppiumDriver.startSession(AppiumDriver.java:308)
        	at org.openqa.selenium.remote.RemoteWebDriver.<init>(RemoteWebDriver.java:213)
        	at org.openqa.selenium.remote.RemoteWebDriver.<init>(RemoteWebDriver.java:203)
        	at io.appium.java_client.AppiumDriver.<init>(AppiumDriver.java:98)
        	at io.appium.java_client.AppiumDriver.<init>(AppiumDriver.java:109)
        	at io.appium.java_client.android.AndroidDriver.<init>(AndroidDriver.java:108)
        	at com.nttdata.screens.AppConfigScreen.iniciarAplicacion(AppConfigScreen.java:62)
        	at com.nttdata.steps.AppConfigSteps.iniciarAplicacion(AppConfigSteps.java:19)
        	at com.nttdata.stepsdefinitions.AppConfigStepsDefs.ingreso_al_aplicativo(AppConfigStepsDefs.java:38)
        	at ✽.ingreso al aplicativo "saucelabs"(file:///C:/Users/SOPORTE/OneDrive%20-%20CIBERTEC/Documentos/QAInnovationLab/src/test/resources/features/SauceLabs.feature:10)
  ↷ Cuando ingreso el usuario "standard_user"      # com.nttdata.stepsdefinitions.SauceLabsStepDefs.ingreso_el_usuario(java.lang.String)
  ↷ Y ingreso la clave "secret_sauce"              # com.nttdata.stepsdefinitions.SauceLabsStepDefs.ingreso_la_clave(java.lang.String)
  ↷ Y hago clic en LOGIN                           # com.nttdata.stepsdefinitions.SauceLabsStepDefs.hago_clic_en_login()
  ↷ Entonces valido el login OK                    # com.nttdata.stepsdefinitions.SauceLabsStepDefs.valido_el_login_ok()
  ↷ Y cierro el aplicativo "com.swaglabsmobileapp" # com.nttdata.stepsdefinitions.AppConfigStepsDefs.cierro_el_aplicativo(java.lang.String)
[Hooks] Escenario 'Login exitoso con credenciales validas' finalizo: FALLIDO
[AppConfigScreen] No hay sesion activa, no se puede tomar screenshot.
[ScreenshotAttacher] No se genero evidencia para: Estado final (FALLO)
[AppConfigSteps] Solicitando cierre de aplicacion (com.saucelabs.mydemoapp.android)
[AppConfigScreen] No hay sesion activa para cerrar.
]]></system-out>
  </testcase>
</testsuite>